{"/Users/Shayaan/Desktop/sotfware/Lab4/getting-started-with-jest/src/filterByTerm.js": {"path":"/Users/Shayaan/Desktop/sotfware/Lab4/getting-started-with-jest/src/filterByTerm.js","statementMap":{"0":{"start":{"line":2,"column":2},"end":{"line":2,"column":60}},"1":{"start":{"line":2,"column":19},"end":{"line":2,"column":60}},"2":{"start":{"line":3,"column":16},"end":{"line":3,"column":43}},"3":{"start":{"line":4,"column":2},"end":{"line":6,"column":4}},"4":{"start":{"line":5,"column":4},"end":{"line":5,"column":40}},"5":{"start":{"line":9,"column":0},"end":{"line":9,"column":29}}},"fnMap":{"0":{"name":"filterByTerm","decl":{"start":{"line":1,"column":9},"end":{"line":1,"column":21}},"loc":{"start":{"line":1,"column":45},"end":{"line":7,"column":1}},"line":1},"1":{"name":"(anonymous_1)","decl":{"start":{"line":4,"column":25},"end":{"line":4,"column":26}},"loc":{"start":{"line":4,"column":49},"end":{"line":6,"column":3}},"line":4}},"branchMap":{"0":{"loc":{"start":{"line":2,"column":2},"end":{"line":2,"column":60}},"type":"if","locations":[{"start":{"line":2,"column":2},"end":{"line":2,"column":60}},{"start":{"line":2,"column":2},"end":{"line":2,"column":60}}],"line":2}},"s":{"0":2,"1":0,"2":2,"3":2,"4":6,"5":1},"f":{"0":2,"1":6},"b":{"0":[0,2]},"_coverageSchema":"1a1c01bbd47fc00a2c39e90264f33305004495a9","hash":"fe1b92571863f854b5dfe934d8ef813f3e95cac2"}
}
